"C:\Program Files\JetBrains\CLion 2023.3.4\bin\cmake\win\x64\bin\cmake.exe" -DCMAKE_BUILD_TYPE=Debug -DCMAKE_MAKE_PROGRAM=C:/Users/jiqiu2021/Documents/x86_64-elf-tools-windows/bin/make.exe -DCMAKE_C_COMPILER=C:/Users/jiqiu2021/Documents/x86_64-elf-tools-windows/bin/x86_64-elf-gcc.exe -DCMAKE_CXX_COMPILER=C:/Users/jiqiu2021/Documents/x86_64-elf-tools-windows/bin/x86_64-elf-c++.exe -G "CodeBlocks - Unix Makefiles" -S C:\Users\jiqiu2021\Desktop\coded\start\start\source\kernel -B C:\Users\jiqiu2021\Desktop\coded\start\start\source\kernel\build
CMake Deprecation Warning:
  Support for "Extra Generators" like

    CodeBlocks

  is deprecated and will be removed from a future version of CMake.  IDEs may
  use the cmake-file-api(7) to view CMake-generated project build trees.


CMake Warning (dev) at CMakeLists.txt:1 (project):
  cmake_minimum_required() should be called prior to this top-level project()
  call.  Please see the cmake-commands(7) manual for usage documentation of
  both commands.
This warning is for project developers.  Use -Wno-dev to suppress it.

-- The C compiler identification is GNU 7.1.0
-- Detecting C compiler ABI info
-- Detecting C compiler ABI info - failed
-- Check for working C compiler: C:/Users/jiqiu2021/Documents/x86_64-elf-tools-windows/bin/x86_64-elf-gcc.exe
-- Check for working C compiler: C:/Users/jiqiu2021/Documents/x86_64-elf-tools-windows/bin/x86_64-elf-gcc.exe - broken
CMake Error at C:/Program Files/JetBrains/CLion 2023.3.4/bin/cmake/win/x64/share/cmake-3.27/Modules/CMakeTestCCompiler.cmake:67 (message):
  The C compiler

    "C:/Users/jiqiu2021/Documents/x86_64-elf-tools-windows/bin/x86_64-elf-gcc.exe"

  is not able to compile a simple test program.

  It fails with the following output:

    Change Dir: 'C:/Users/jiqiu2021/Desktop/coded/start/start/source/kernel/build/CMakeFiles/CMakeScratch/TryCompile-cmptev'
    
    Run Build Command(s): "C:/Program Files/JetBrains/CLion 2023.3.4/bin/cmake/win/x64/bin/cmake.exe" -E env VERBOSE=1 C:/Users/jiqiu2021/Documents/x86_64-elf-tools-windows/bin/make.exe -f Makefile cmTC_5b529/fast
    C:/Users/jiqiu2021/Documents/x86_64-elf-tools-windows/bin/make.exe  -f CMakeFiles/cmTC_5b529.dir/build.make CMakeFiles/cmTC_5b529.dir/build
    make[1]: Entering directory 'C:/Users/jiqiu2021/Desktop/coded/start/start/source/kernel/build/CMakeFiles/CMakeScratch/TryCompile-cmptev'
    Building C object CMakeFiles/cmTC_5b529.dir/testCCompiler.c.obj
    C:/Users/jiqiu2021/Documents/x86_64-elf-tools-windows/bin/x86_64-elf-gcc.exe   -fdiagnostics-color=always -o CMakeFiles/cmTC_5b529.dir/testCCompiler.c.obj -c C:/Users/jiqiu2021/Desktop/coded/start/start/source/kernel/build/CMakeFiles/CMakeScratch/TryCompile-cmptev/testCCompiler.c
    Linking C executable cmTC_5b529.exe
    "C:/Program Files/JetBrains/CLion 2023.3.4/bin/cmake/win/x64/bin/cmake.exe" -E rm -f CMakeFiles/cmTC_5b529.dir/objects.a
    C:/Users/jiqiu2021/Documents/x86_64-elf-tools-windows/bin/x86_64-elf-ar.exe qc CMakeFiles/cmTC_5b529.dir/objects.a @CMakeFiles/cmTC_5b529.dir/objects1.rsp
    C:/Users/jiqiu2021/Documents/x86_64-elf-tools-windows/bin/x86_64-elf-gcc.exe -Wl,--whole-archive CMakeFiles/cmTC_5b529.dir/objects.a -Wl,--no-whole-archive -o cmTC_5b529.exe -Wl,--out-implib,libcmTC_5b529.dll.a -Wl,--major-image-version,0,--minor-image-version,0 @CMakeFiles/cmTC_5b529.dir/linkLibs.rsp
    c:/users/jiqiu2021/documents/x86_64-elf-tools-windows/bin/../lib/gcc/x86_64-elf/7.1.0/../../../../x86_64-elf/bin/ld.exe: unrecognized option '--major-image-version'
    c:/users/jiqiu2021/documents/x86_64-elf-tools-windows/bin/../lib/gcc/x86_64-elf/7.1.0/../../../../x86_64-elf/bin/ld.exe: use the --help option for usage information
    collect2.exe: error: ld returned 1 exit status
    make[1]: *** [CMakeFiles/cmTC_5b529.dir/build.make:102: cmTC_5b529.exe] Error 1
    make[1]: Leaving directory 'C:/Users/jiqiu2021/Desktop/coded/start/start/source/kernel/build/CMakeFiles/CMakeScratch/TryCompile-cmptev'
    make: *** [Makefile:127: cmTC_5b529/fast] Error 2
    
    

  

  CMake will not be able to correctly generate this project.
Call Stack (most recent call first):
  CMakeLists.txt:1 (project)


-- Configuring incomplete, errors occurred!
